<?xml version="1.0" encoding="utf-8"?><testsuites name="pytest tests"><testsuite name="pytest" errors="0" failures="0" skipped="0" tests="14" time="16.032" timestamp="2026-03-31T10:49:18.437842+00:00" hostname="agent-env-1027a80b-f102-4afa-b5a4-187a489a1054"><testcase classname="backend.tests.test_api.TestHealthEndpoint" name="test_health_check" time="0.158" /><testcase classname="backend.tests.test_api.TestHealthEndpoint" name="test_root_endpoint" time="0.141" /><testcase classname="backend.tests.test_api.TestQuoteEndpoint" name="test_create_quote_success" time="0.155" /><testcase classname="backend.tests.test_api.TestQuoteEndpoint" name="test_create_quote_minimal" time="0.097" /><testcase classname="backend.tests.test_api.TestQuoteEndpoint" name="test_create_quote_invalid_email" time="0.098" /><testcase classname="backend.tests.test_api.TestQuoteEndpoint" name="test_get_quotes" time="0.102" /><testcase classname="backend.tests.test_api.TestContactEndpoint" name="test_create_contact_success" time="0.134" /><testcase classname="backend.tests.test_api.TestContactEndpoint" name="test_create_contact_missing_fields" time="0.107" /><testcase classname="backend.tests.test_api.TestChatEndpoint" name="test_chat_success" time="4.862" /><testcase classname="backend.tests.test_api.TestChatEndpoint" name="test_chat_with_session" time="9.594" /><testcase classname="backend.tests.test_api.TestServicesEndpoint" name="test_get_services" time="0.111" /><testcase classname="backend.tests.test_api.TestStatsEndpoint" name="test_get_stats" time="0.118" /><testcase classname="backend.tests.test_api.TestBlogEndpoint" name="test_get_blog_posts" time="0.097" /><testcase classname="backend.tests.test_api.TestBlogEndpoint" name="test_get_blog_post_not_found" time="0.102" /></testsuite></testsuites>