<?xml version="1.0" encoding="utf-8"?><testsuites name="pytest tests"><testsuite name="pytest" errors="0" failures="0" skipped="0" tests="14" time="18.723" timestamp="2026-03-27T20:26:55.205989+00:00" hostname="agent-env-1027a80b-f102-4afa-b5a4-187a489a1054"><testcase classname="backend.tests.test_api.TestHealthEndpoint" name="test_health_check" time="1.714" /><testcase classname="backend.tests.test_api.TestHealthEndpoint" name="test_root_endpoint" time="0.128" /><testcase classname="backend.tests.test_api.TestQuoteEndpoint" name="test_create_quote_success" time="0.127" /><testcase classname="backend.tests.test_api.TestQuoteEndpoint" name="test_create_quote_minimal" time="0.115" /><testcase classname="backend.tests.test_api.TestQuoteEndpoint" name="test_create_quote_invalid_email" time="0.193" /><testcase classname="backend.tests.test_api.TestQuoteEndpoint" name="test_get_quotes" time="0.180" /><testcase classname="backend.tests.test_api.TestContactEndpoint" name="test_create_contact_success" time="0.176" /><testcase classname="backend.tests.test_api.TestContactEndpoint" name="test_create_contact_missing_fields" time="0.167" /><testcase classname="backend.tests.test_api.TestChatEndpoint" name="test_chat_success" time="5.164" /><testcase classname="backend.tests.test_api.TestChatEndpoint" name="test_chat_with_session" time="9.887" /><testcase classname="backend.tests.test_api.TestServicesEndpoint" name="test_get_services" time="0.164" /><testcase classname="backend.tests.test_api.TestStatsEndpoint" name="test_get_stats" time="0.146" /><testcase classname="backend.tests.test_api.TestBlogEndpoint" name="test_get_blog_posts" time="0.159" /><testcase classname="backend.tests.test_api.TestBlogEndpoint" name="test_get_blog_post_not_found" time="0.155" /></testsuite></testsuites>